[2019-05-17 21:17:38.435] [exthost] [info] extension host started
[2019-05-17 21:17:38.462] [exthost] [info] ExtensionService#_doActivateExtension mads-hartmann.bash-ide-vscode {"startup":false,"activationEvent":"onLanguage:shellscript"}
[2019-05-17 21:17:38.463] [exthost] [info] ExtensionService#loadCommonJSModule /home/hara/.vscode/extensions/mads-hartmann.bash-ide-vscode-1.3.3/out/src/extension
[2019-05-17 21:17:38.998] [exthost] [info] ExtensionService#_doActivateExtension shakram02.bash-beautify {"startup":false,"activationEvent":"onLanguage:shellscript"}
[2019-05-17 21:17:38.998] [exthost] [info] ExtensionService#loadCommonJSModule /home/hara/.vscode/extensions/shakram02.bash-beautify-0.1.1/out/src/extension
[2019-05-17 21:17:39.416] [exthost] [info] ExtensionService#_doActivateExtension vscode.debug-auto-launch {"startup":true,"activationEvent":"*"}
[2019-05-17 21:17:39.416] [exthost] [info] ExtensionService#loadCommonJSModule /usr/share/code/resources/app/extensions/debug-auto-launch/dist/extension
[2019-05-17 21:17:39.498] [exthost] [info] ExtensionService#_doActivateExtension vscode.emmet {"startup":true,"activationEvent":"*"}
[2019-05-17 21:17:39.498] [exthost] [info] ExtensionService#loadCommonJSModule /usr/share/code/resources/app/extensions/emmet/dist/extension
[2019-05-17 21:17:39.543] [exthost] [info] ExtensionService#_doActivateExtension vscode.git {"startup":true,"activationEvent":"*"}
[2019-05-17 21:17:39.543] [exthost] [info] ExtensionService#loadCommonJSModule /usr/share/code/resources/app/extensions/git/dist/main
[2019-05-17 21:17:39.763] [exthost] [info] ExtensionService#_doActivateExtension vscode.merge-conflict {"startup":true,"activationEvent":"*"}
[2019-05-17 21:17:39.763] [exthost] [info] ExtensionService#loadCommonJSModule /usr/share/code/resources/app/extensions/merge-conflict/dist/extension
[2019-05-17 21:17:39.774] [exthost] [info] ExtensionService#_doActivateExtension CoenraadS.bracket-pair-colorizer {"startup":true,"activationEvent":"*"}
[2019-05-17 21:17:39.774] [exthost] [info] ExtensionService#loadCommonJSModule /home/hara/.vscode/extensions/coenraads.bracket-pair-colorizer-1.0.61/out/src/extension
[2019-05-17 21:17:40.067] [exthost] [info] ExtensionService#_doActivateExtension esbenp.prettier-vscode {"startup":true,"activationEvent":"*"}
[2019-05-17 21:17:40.067] [exthost] [info] ExtensionService#loadCommonJSModule /home/hara/.vscode/extensions/esbenp.prettier-vscode-1.9.0/out/src/extension
[2019-05-17 21:17:40.692] [exthost] [info] ExtensionService#_doActivateExtension ionutvmi.path-autocomplete {"startup":true,"activationEvent":"*"}
[2019-05-17 21:17:40.692] [exthost] [info] ExtensionService#loadCommonJSModule /home/hara/.vscode/extensions/ionutvmi.path-autocomplete-1.13.3/out/src/extension
[2019-05-17 21:17:40.749] [exthost] [info] ExtensionService#_doActivateExtension shardulm94.trailing-spaces {"startup":true,"activationEvent":"*"}
[2019-05-17 21:17:40.749] [exthost] [info] ExtensionService#loadCommonJSModule /home/hara/.vscode/extensions/shardulm94.trailing-spaces-0.3.1/out/src/extension
[2019-05-17 21:17:40.780] [exthost] [info] ExtensionService#_doActivateExtension SirTori.indenticator {"startup":true,"activationEvent":"*"}
[2019-05-17 21:17:40.780] [exthost] [info] ExtensionService#loadCommonJSModule /home/hara/.vscode/extensions/sirtori.indenticator-0.6.0/out/src/extension
[2019-05-17 21:17:40.800] [exthost] [info] ExtensionService#_doActivateExtension vscode-icons-team.vscode-icons {"startup":true,"activationEvent":"*"}
[2019-05-17 21:17:40.800] [exthost] [info] ExtensionService#loadCommonJSModule /home/hara/.vscode/extensions/vscode-icons-team.vscode-icons-8.6.0/out/src/
[2019-05-17 21:17:41.099] [exthost] [info] ExtensionService#_doActivateExtension vscodevim.vim {"startup":true,"activationEvent":"*"}
[2019-05-17 21:17:41.099] [exthost] [info] ExtensionService#loadCommonJSModule /home/hara/.vscode/extensions/vscodevim.vim-1.8.0/out/extension
[2019-05-17 21:17:43.129] [exthost] [info] eager extensions activated
[2019-05-17 21:28:06.986] [exthost] [info] ExtensionService#_doActivateExtension vscode.configuration-editing {"startup":false,"activationEvent":"onLanguage:jsonc"}
[2019-05-17 21:28:06.986] [exthost] [info] ExtensionService#loadCommonJSModule /usr/share/code/resources/app/extensions/configuration-editing/dist/extension
[2019-05-17 21:28:07.089] [exthost] [info] ExtensionService#_doActivateExtension vscode.json-language-features {"startup":false,"activationEvent":"onLanguage:jsonc"}
[2019-05-17 21:28:07.089] [exthost] [info] ExtensionService#loadCommonJSModule /usr/share/code/resources/app/extensions/json-language-features/client/dist/jsonMain
[2019-05-17 21:28:07.258] [exthost] [info] ExtensionService#_doActivateExtension vscode.typescript-language-features {"startup":false,"activationEvent":"onLanguage:jsonc"}
[2019-05-17 21:28:07.258] [exthost] [info] ExtensionService#loadCommonJSModule /usr/share/code/resources/app/extensions/typescript-language-features/dist/extension
