[2019-05-17 19:20:22.126] [exthost] [info] extension host started
[2019-05-17 19:20:22.161] [exthost] [info] ExtensionService#_doActivateExtension mads-hartmann.bash-ide-vscode {"startup":false,"activationEvent":"onLanguage:shellscript"}
[2019-05-17 19:20:22.161] [exthost] [info] ExtensionService#loadCommonJSModule /home/hara/.vscode/extensions/mads-hartmann.bash-ide-vscode-1.3.3/out/src/extension
[2019-05-17 19:20:22.542] [exthost] [info] ExtensionService#_doActivateExtension shakram02.bash-beautify {"startup":false,"activationEvent":"onLanguage:shellscript"}
[2019-05-17 19:20:22.542] [exthost] [info] ExtensionService#loadCommonJSModule /home/hara/.vscode/extensions/shakram02.bash-beautify-0.1.1/out/src/extension
[2019-05-17 19:20:23.226] [exthost] [info] ExtensionService#_doActivateExtension vscode.debug-auto-launch {"startup":true,"activationEvent":"*"}
[2019-05-17 19:20:23.226] [exthost] [info] ExtensionService#loadCommonJSModule /usr/share/code/resources/app/extensions/debug-auto-launch/dist/extension
[2019-05-17 19:20:23.285] [exthost] [info] ExtensionService#_doActivateExtension vscode.emmet {"startup":true,"activationEvent":"*"}
[2019-05-17 19:20:23.285] [exthost] [info] ExtensionService#loadCommonJSModule /usr/share/code/resources/app/extensions/emmet/dist/extension
[2019-05-17 19:20:23.353] [exthost] [info] ExtensionService#_doActivateExtension vscode.git {"startup":true,"activationEvent":"*"}
[2019-05-17 19:20:23.353] [exthost] [info] ExtensionService#loadCommonJSModule /usr/share/code/resources/app/extensions/git/dist/main
[2019-05-17 19:20:23.638] [exthost] [info] ExtensionService#_doActivateExtension vscode.merge-conflict {"startup":true,"activationEvent":"*"}
[2019-05-17 19:20:23.638] [exthost] [info] ExtensionService#loadCommonJSModule /usr/share/code/resources/app/extensions/merge-conflict/dist/extension
[2019-05-17 19:20:23.652] [exthost] [info] ExtensionService#_doActivateExtension CoenraadS.bracket-pair-colorizer {"startup":true,"activationEvent":"*"}
[2019-05-17 19:20:23.652] [exthost] [info] ExtensionService#loadCommonJSModule /home/hara/.vscode/extensions/coenraads.bracket-pair-colorizer-1.0.61/out/src/extension
[2019-05-17 19:20:23.969] [exthost] [info] ExtensionService#_doActivateExtension esbenp.prettier-vscode {"startup":true,"activationEvent":"*"}
[2019-05-17 19:20:23.969] [exthost] [info] ExtensionService#loadCommonJSModule /home/hara/.vscode/extensions/esbenp.prettier-vscode-1.9.0/out/src/extension
[2019-05-17 19:20:25.002] [exthost] [info] ExtensionService#_doActivateExtension ionutvmi.path-autocomplete {"startup":true,"activationEvent":"*"}
[2019-05-17 19:20:25.002] [exthost] [info] ExtensionService#loadCommonJSModule /home/hara/.vscode/extensions/ionutvmi.path-autocomplete-1.13.3/out/src/extension
[2019-05-17 19:20:25.068] [exthost] [info] ExtensionService#_doActivateExtension shardulm94.trailing-spaces {"startup":true,"activationEvent":"*"}
[2019-05-17 19:20:25.068] [exthost] [info] ExtensionService#loadCommonJSModule /home/hara/.vscode/extensions/shardulm94.trailing-spaces-0.3.1/out/src/extension
[2019-05-17 19:20:25.153] [exthost] [info] ExtensionService#_doActivateExtension SirTori.indenticator {"startup":true,"activationEvent":"*"}
[2019-05-17 19:20:25.153] [exthost] [info] ExtensionService#loadCommonJSModule /home/hara/.vscode/extensions/sirtori.indenticator-0.6.0/out/src/extension
[2019-05-17 19:20:25.199] [exthost] [info] ExtensionService#_doActivateExtension vscode-icons-team.vscode-icons {"startup":true,"activationEvent":"*"}
[2019-05-17 19:20:25.199] [exthost] [info] ExtensionService#loadCommonJSModule /home/hara/.vscode/extensions/vscode-icons-team.vscode-icons-8.6.0/out/src/
[2019-05-17 19:20:26.163] [exthost] [info] ExtensionService#_doActivateExtension vscodevim.vim {"startup":true,"activationEvent":"*"}
[2019-05-17 19:20:26.163] [exthost] [info] ExtensionService#loadCommonJSModule /home/hara/.vscode/extensions/vscodevim.vim-1.8.0/out/extension
[2019-05-17 19:20:28.423] [exthost] [info] eager extensions activated
