[2019-05-23 15:13:14.453] [sharedprocess] [info] main {"machineId":"7beb72c5e35cd2ceeb08b0d4609e4ea8982a674edd8639fde3fff83f80dae605"}
[2019-05-23 15:13:16.514] [sharedprocess] [info] Scanned user extensions: 20
[2019-05-23 15:13:17.124] [sharedprocess] [info] Scanned system extensions: 72
[2019-05-23 15:13:18.738] [sharedprocess] [info] Scanned user extensions: 20
[2019-05-23 15:13:18.754] [sharedprocess] [info] Scanned system extensions: 72
[2019-05-23 15:13:20.801] [sharedprocess] [info] Scanned user extensions: 20
[2019-05-23 15:13:54.467] [sharedprocess] [info] Starting to clean up unused language packs.
[2019-05-23 15:13:54.470] [sharedprocess] [info] Skipping directory 059c567836fbcb1856c155d941ac89da.ja. Language pack still in use.
[2019-05-23 15:18:20.841] [sharedprocess] [info] Scanned user extensions: 20
[2019-05-23 15:23:20.877] [sharedprocess] [info] Scanned user extensions: 20
[2019-05-23 15:28:20.912] [sharedprocess] [info] Scanned user extensions: 20
[2019-05-23 15:33:20.950] [sharedprocess] [info] Scanned user extensions: 20
[2019-05-23 15:38:20.986] [sharedprocess] [info] Scanned user extensions: 20
[2019-05-23 15:43:21.021] [sharedprocess] [info] Scanned user extensions: 20
[2019-05-23 15:48:21.056] [sharedprocess] [info] Scanned user extensions: 20
[2019-05-23 15:51:57.469] [sharedprocess] [info] Scanned user extensions: 20
[2019-05-23 15:51:57.485] [sharedprocess] [info] Scanned system extensions: 72
[2019-05-23 15:53:21.098] [sharedprocess] [info] Scanned user extensions: 20
[2019-05-23 15:58:21.131] [sharedprocess] [info] Scanned user extensions: 20
[2019-05-23 16:03:21.165] [sharedprocess] [info] Scanned user extensions: 20
[2019-05-23 16:08:21.197] [sharedprocess] [info] Scanned user extensions: 20
[2019-05-23 16:13:21.234] [sharedprocess] [info] Scanned user extensions: 20
[2019-05-23 16:18:21.269] [sharedprocess] [info] Scanned user extensions: 20
